<?xml version="1.0" encoding="utf-8" standalone="no"?>
<!--This file represents the results of running a test suite-->
<test-results name="D:\wxr\dotnet\WpfExp\exe\testcases-nunit.dll" total="1" errors="1" failures="0" not-run="0" inconclusive="0" ignored="0" skipped="0" invalid="0" date="2013-03-25" time="17:15:11">
  <environment nunit-version="2.6.2.12296" clr-version="2.0.50727.5466" os-version="Microsoft Windows NT 6.1.7601 Service Pack 1" platform="Win32NT" cwd="C:\Program Files (x86)\NUnit 2.6.2\bin" machine-name="WANGXR" user="USER" user-domain="WANGXR" />
  <culture-info current-culture="zh-CN" current-uiculture="zh-CN" />
  <test-suite type="Assembly" name="D:\wxr\dotnet\WpfExp\exe\testcases-nunit.dll" executed="True" result="Failure" success="False" time="0.111" asserts="0">
    <results>
      <test-suite type="Namespace" name="CommonUtils" executed="True" result="Failure" success="False" time="0.110" asserts="0">
        <results>
          <test-suite type="TestFixture" name="CryptographyUtilTest" executed="True" result="Failure" success="False" time="0.109" asserts="0">
            <results>
              <test-case name="CommonUtils.CryptographyUtilTest.testAsymetricEncrypt" executed="True" result="Error" success="False" time="0.108" asserts="0">
                <failure>
                  <message><![CDATA[System.Runtime.Serialization.SerializationException : 正在尝试对空流进行反序列化]]></message>
                  <stack-trace><![CDATA[在 System.Runtime.Serialization.Formatters.Binary.BinaryFormatter.Deserialize(Stream serializationStream, HeaderHandler handler, Boolean fCheck, Boolean isCrossAppDomain, IMethodCallMessage methodCallMessage)
在 System.Runtime.Serialization.Formatters.Binary.BinaryFormatter.Deserialize(Stream serializationStream)
在 CommonUtils.CryptographyUtil.Decrypt(RSACryptoServiceProvider algorithm, String base64Text) 位置 D:\wxr\dotnet\WpfExp\CommonUtils\CryptographyUtil.cs:行号 250
在 CommonUtils.CryptographyUtilTest.testAsymetricEncrypt() 位置 D:\wxr\dotnet\WpfExp\testcases-nunit\CryptographyUtilTest.cs:行号 56
]]></stack-trace>
                </failure>
              </test-case>
            </results>
          </test-suite>
        </results>
      </test-suite>
    </results>
  </test-suite>
</test-results>