<?xml version="1.0" encoding="UTF-8"?>
<TestRun id="e38ac67f-08a4-4ed8-b14c-0d248070ad61" name="USER@WANGXR 2013-03-25 15:11:16" runUser="WANGXR\USER" xmlns="http://microsoft.com/schemas/VisualStudio/TeamTest/2010">
  <TestSettings name="本地" id="4341e0e9-b66a-4d2e-bc5e-e3550c17ce17">
    <Description>这些设置为本地测试运行的默认测试设置。</Description>
    <Deployment enabled="false" runDeploymentRoot="USER_WANGXR 2013-03-25 15_11_16" />
    <Execution>
      <TestTypeSpecific />
      <AgentRule name="Execution Agents">
      </AgentRule>
    </Execution>
  </TestSettings>
  <Times creation="2013-03-25T15:11:16.0033294+08:00" queuing="2013-03-25T15:11:17.4694133+08:00" start="2013-03-25T15:11:17.5524180+08:00" finish="2013-03-25T15:11:17.9864429+08:00" />
  <ResultSummary outcome="Completed">
    <Counters total="1" executed="1" passed="1" error="0" failed="0" timeout="0" aborted="0" inconclusive="0" passedButRunAborted="0" notRunnable="0" notExecuted="0" disconnected="0" warning="0" completed="0" inProgress="0" pending="0" />
  </ResultSummary>
  <TestDefinitions>
    <UnitTest name="TestMethod1" storage="d:\wxr\dotnet\testcases\bin\debug\testcases.dll" id="aae7e1ef-f708-207f-1b1b-10f295c50c8b">
      <Execution id="dd62a010-0541-4d3c-bd40-7d13af29177c" />
      <TestMethod codeBase="D:/wxr/dotnet/testcases/bin/Debug/testcases.DLL" adapterTypeName="Microsoft.VisualStudio.TestTools.TestTypes.Unit.UnitTestAdapter, Microsoft.VisualStudio.QualityTools.Tips.UnitTest.Adapter, Version=10.0.0.0, Culture=neutral, PublicKeyToken=b03f5f7f11d50a3a" className="testcases.UnitTest1, testcases, Version=1.0.0.0, Culture=neutral, PublicKeyToken=null" name="TestMethod1" />
    </UnitTest>
  </TestDefinitions>
  <TestLists>
    <TestList name="列表中未列出的结果" id="8c84fa94-04c1-424b-9868-57a2d4851a1d" />
    <TestList name="所有已加载的结果" id="19431567-8539-422a-85d7-44ee4e166bda" />
  </TestLists>
  <TestEntries>
    <TestEntry testId="aae7e1ef-f708-207f-1b1b-10f295c50c8b" executionId="dd62a010-0541-4d3c-bd40-7d13af29177c" testListId="8c84fa94-04c1-424b-9868-57a2d4851a1d" />
  </TestEntries>
  <Results>
    <UnitTestResult executionId="dd62a010-0541-4d3c-bd40-7d13af29177c" testId="aae7e1ef-f708-207f-1b1b-10f295c50c8b" testName="TestMethod1" computerName="WANGXR" duration="00:00:00.0199009" startTime="2013-03-25T15:11:17.5584184+08:00" endTime="2013-03-25T15:11:17.9554411+08:00" testType="13cdc9d9-ddb5-4fa4-a97d-d965ccfc6d4b" outcome="Passed" testListId="8c84fa94-04c1-424b-9868-57a2d4851a1d" relativeResultsDirectory="dd62a010-0541-4d3c-bd40-7d13af29177c">
    </UnitTestResult>
  </Results>
</TestRun>