<?xml version="1.0" encoding="UTF-8"?>
<TestRun id="110f45ee-188f-4ee8-bec0-d3d7a0c2251a" name="USER@WANGXR 2013-03-25 15:11:54" runUser="WANGXR\USER" xmlns="http://microsoft.com/schemas/VisualStudio/TeamTest/2010">
  <TestSettings name="本地" id="4341e0e9-b66a-4d2e-bc5e-e3550c17ce17">
    <Description>这些设置为本地测试运行的默认测试设置。</Description>
    <Deployment enabled="false" runDeploymentRoot="USER_WANGXR 2013-03-25 15_11_54" />
    <Execution>
      <TestTypeSpecific />
      <AgentRule name="Execution Agents">
      </AgentRule>
    </Execution>
  </TestSettings>
  <Times creation="2013-03-25T15:11:54.4355276+08:00" queuing="2013-03-25T15:11:54.4495284+08:00" start="2013-03-25T15:11:54.4565288+08:00" finish="2013-03-25T15:11:54.6245384+08:00" />
  <ResultSummary outcome="Completed">
    <Counters total="1" executed="1" passed="1" error="0" failed="0" timeout="0" aborted="0" inconclusive="0" passedButRunAborted="0" notRunnable="0" notExecuted="0" disconnected="0" warning="0" completed="0" inProgress="0" pending="0" />
  </ResultSummary>
  <TestDefinitions>
    <UnitTest name="TestMethod2" storage="d:\wxr\dotnet\testcases\bin\debug\testcases.dll" id="54a6f244-4878-9fb7-0a84-993cfc142f03">
      <Execution id="87bed2ca-77d0-4860-b580-c9c927590247" />
      <TestMethod codeBase="D:/wxr/dotnet/testcases/bin/Debug/testcases.DLL" adapterTypeName="Microsoft.VisualStudio.TestTools.TestTypes.Unit.UnitTestAdapter, Microsoft.VisualStudio.QualityTools.Tips.UnitTest.Adapter, Version=10.0.0.0, Culture=neutral, PublicKeyToken=b03f5f7f11d50a3a" className="testcases.UnitTest1, testcases, Version=1.0.0.0, Culture=neutral, PublicKeyToken=null" name="TestMethod2" />
    </UnitTest>
  </TestDefinitions>
  <TestLists>
    <TestList name="列表中未列出的结果" id="8c84fa94-04c1-424b-9868-57a2d4851a1d" />
    <TestList name="所有已加载的结果" id="19431567-8539-422a-85d7-44ee4e166bda" />
  </TestLists>
  <TestEntries>
    <TestEntry testId="54a6f244-4878-9fb7-0a84-993cfc142f03" executionId="87bed2ca-77d0-4860-b580-c9c927590247" testListId="8c84fa94-04c1-424b-9868-57a2d4851a1d" />
  </TestEntries>
  <Results>
    <UnitTestResult executionId="87bed2ca-77d0-4860-b580-c9c927590247" testId="54a6f244-4878-9fb7-0a84-993cfc142f03" testName="TestMethod2" computerName="WANGXR" duration="00:00:00.0084508" startTime="2013-03-25T15:11:54.4585289+08:00" endTime="2013-03-25T15:11:54.6155379+08:00" testType="13cdc9d9-ddb5-4fa4-a97d-d965ccfc6d4b" outcome="Passed" testListId="8c84fa94-04c1-424b-9868-57a2d4851a1d" relativeResultsDirectory="87bed2ca-77d0-4860-b580-c9c927590247">
    </UnitTestResult>
  </Results>
</TestRun>